Release 14.7 - xst P.20131013 (nt64)
Copyright (c) 1995-2013 Xilinx, Inc.  All rights reserved.
--> Parameter TMPDIR set to xst/projnav.tmp


Total REAL time to Xst completion: 1.00 secs
Total CPU time to Xst completion: 0.13 secs
 
--> Parameter xsthdpdir set to xst


Total REAL time to Xst completion: 1.00 secs
Total CPU time to Xst completion: 0.13 secs
 
--> Reading design: Comparator.prj

TABLE OF CONTENTS
  1) Synthesis Options Summary
  2) HDL Compilation
  3) Design Hierarchy Analysis
  4) HDL Analysis
  5) HDL Synthesis
     5.1) HDL Synthesis Report
  6) Advanced HDL Synthesis
     6.1) Advanced HDL Synthesis Report
  7) Low Level Synthesis
  8) Partition Report
  9) Final Report
	9.1) Device utilization summary
	9.2) Partition Resource Summary
	9.3) TIMING REPORT


=========================================================================
*                      Synthesis Options Summary                        *
=========================================================================
---- Source Parameters
Input File Name                    : "Comparator.prj"
Input Format                       : mixed
Ignore Synthesis Constraint File   : NO

---- Target Parameters
Output File Name                   : "Comparator"
Output Format                      : NGC
Target Device                      : xc3s500e-4-fg320

---- Source Options
Top Module Name                    : Comparator
Automatic FSM Extraction           : YES
FSM Encoding Algorithm             : Auto
Safe Implementation                : No
FSM Style                          : LUT
RAM Extraction                     : Yes
RAM Style                          : Auto
ROM Extraction                     : Yes
Mux Style                          : Auto
Decoder Extraction                 : YES
Priority Encoder Extraction        : Yes
Shift Register Extraction          : YES
Logical Shifter Extraction         : YES
XOR Collapsing                     : YES
ROM Style                          : Auto
Mux Extraction                     : Yes
Resource Sharing                   : YES
Asynchronous To Synchronous        : NO
Multiplier Style                   : Auto
Automatic Register Balancing       : No

---- Target Options
Add IO Buffers                     : YES
Global Maximum Fanout              : 500
Add Generic Clock Buffer(BUFG)     : 24
Register Duplication               : YES
Slice Packing                      : YES
Optimize Instantiated Primitives   : NO
Use Clock Enable                   : Yes
Use Synchronous Set                : Yes
Use Synchronous Reset              : Yes
Pack IO Registers into IOBs        : Auto
Equivalent register Removal        : YES

---- General Options
Optimization Goal                  : Speed
Optimization Effort                : 1
Keep Hierarchy                     : No
Netlist Hierarchy                  : As_Optimized
RTL Output                         : Yes
Global Optimization                : AllClockNets
Read Cores                         : YES
Write Timing Constraints           : NO
Cross Clock Analysis               : NO
Hierarchy Separator                : /
Bus Delimiter                      : <>
Case Specifier                     : Maintain
Slice Utilization Ratio            : 100
BRAM Utilization Ratio             : 100
Verilog 2001                       : YES
Auto BRAM Packing                  : NO
Slice Utilization Ratio Delta      : 5

=========================================================================


=========================================================================
*                          HDL Compilation                              *
=========================================================================
Compiling verilog file "Comparator.v" in library work
Module <Comparator> compiled
No errors in compilation
Analysis of file <"Comparator.prj"> succeeded.
 

=========================================================================
*                     Design Hierarchy Analysis                         *
=========================================================================
Analyzing hierarchy for module <Comparator> in library <work>.


=========================================================================
*                            HDL Analysis                               *
=========================================================================
Analyzing top module <Comparator>.
Module <Comparator> is correct for synthesis.
 

=========================================================================
*                           HDL Synthesis                               *
=========================================================================

Performing bidirectional port resolution...

Synthesizing Unit <Comparator>.
    Related source file is "Comparator.v".
    Found 1-bit register for signal <match>.
    Found 64-bit comparator equal for signal <temp_match$cmp_eq0000> created at line 37.
    Summary:
	inferred   1 D-type flip-flop(s).
	inferred   1 Comparator(s).
Unit <Comparator> synthesized.


=========================================================================
HDL Synthesis Report

Macro Statistics
# Registers                                            : 1
 1-bit register                                        : 1
# Comparators                                          : 1
 64-bit comparator equal                               : 1

=========================================================================

=========================================================================
*                       Advanced HDL Synthesis                          *
=========================================================================


=========================================================================
Advanced HDL Synthesis Report

Macro Statistics
# Registers                                            : 1
 Flip-Flops                                            : 1
# Comparators                                          : 1
 64-bit comparator equal                               : 1

=========================================================================

=========================================================================
*                         Low Level Synthesis                           *
=========================================================================

Optimizing unit <Comparator> ...

Mapping all equations...
Building and optimizing final netlist ...
Found area constraint ratio of 100 (+ 5) on block Comparator, actual ratio is 0.

Final Macro Processing ...

=========================================================================
Final Register Report

Macro Statistics
# Registers                                            : 1
 Flip-Flops                                            : 1

=========================================================================

=========================================================================
*                           Partition Report                            *
=========================================================================

Partition Implementation Status
-------------------------------

  No Partitions were found in this design.

-------------------------------

=========================================================================
*                            Final Report                               *
=========================================================================
Final Results
RTL Top Level Output File Name     : Comparator.ngr
Top Level Output File Name         : Comparator
Output Format                      : NGC
Optimization Goal                  : Speed
Keep Hierarchy                     : No

Design Statistics
# IOs                              : 130

Cell Usage :
# BELS                             : 66
#      GND                         : 1
#      LUT4                        : 32
#      MUXCY                       : 32
#      VCC                         : 1
# FlipFlops/Latches                : 1
#      FD                          : 1
# Clock Buffers                    : 1
#      BUFGP                       : 1
# IO Buffers                       : 129
#      IBUF                        : 128
#      OBUF                        : 1
=========================================================================

Device utilization summary:
---------------------------

Selected Device : 3s500efg320-4 

 Number of Slices:                       16  out of   4656     0%  
 Number of 4 input LUTs:                 32  out of   9312     0%  
 Number of IOs:                         130
 Number of bonded IOBs:                 130  out of    232    56%  
    IOB Flip Flops:                       1
 Number of GCLKs:                         1  out of     24     4%  

---------------------------
Partition Resource Summary:
---------------------------

  No Partitions were found in this design.

---------------------------


=========================================================================
TIMING REPORT

NOTE: THESE TIMING NUMBERS ARE ONLY A SYNTHESIS ESTIMATE.
      FOR ACCURATE TIMING INFORMATION PLEASE REFER TO THE TRACE REPORT
      GENERATED AFTER PLACE-and-ROUTE.

Clock Information:
------------------
-----------------------------------+------------------------+-------+
Clock Signal                       | Clock buffer(FF name)  | Load  |
-----------------------------------+------------------------+-------+
clock                              | BUFGP                  | 1     |
-----------------------------------+------------------------+-------+

Asynchronous Control Signals Information:
----------------------------------------
No asynchronous control signals found in this design

Timing Summary:
---------------
Speed Grade: -4

   Minimum period: No path found
   Minimum input arrival time before clock: 5.390ns
   Maximum output required time after clock: 4.283ns
   Maximum combinational path delay: No path found

Timing Detail:
--------------
All values displayed in nanoseconds (ns)

=========================================================================
Timing constraint: Default OFFSET IN BEFORE for Clock 'clock'
  Total number of paths / destination ports: 128 / 1
-------------------------------------------------------------------------
Offset:              5.390ns (Levels of Logic = 34)
  Source:            data<0> (PAD)
  Destination:       match (FF)
  Destination Clock: clock rising

  Data Path: data<0> to match
                                Gate     Net
    Cell:in->out      fanout   Delay   Delay  Logical Name (Net Name)
    ----------------------------------------  ------------
     IBUF:I->O             1   1.218   0.595  data_0_IBUF (data_0_IBUF)
     LUT4:I0->O            1   0.704   0.000  Mcompar_temp_match_cmp_eq0000_lut<0> (Mcompar_temp_match_cmp_eq0000_lut<0>)
     MUXCY:S->O            1   0.464   0.000  Mcompar_temp_match_cmp_eq0000_cy<0> (Mcompar_temp_match_cmp_eq0000_cy<0>)
     MUXCY:CI->O           1   0.059   0.000  Mcompar_temp_match_cmp_eq0000_cy<1> (Mcompar_temp_match_cmp_eq0000_cy<1>)
     MUXCY:CI->O           1   0.059   0.000  Mcompar_temp_match_cmp_eq0000_cy<2> (Mcompar_temp_match_cmp_eq0000_cy<2>)
     MUXCY:CI->O           1   0.059   0.000  Mcompar_temp_match_cmp_eq0000_cy<3> (Mcompar_temp_match_cmp_eq0000_cy<3>)
     MUXCY:CI->O           1   0.059   0.000  Mcompar_temp_match_cmp_eq0000_cy<4> (Mcompar_temp_match_cmp_eq0000_cy<4>)
     MUXCY:CI->O           1   0.059   0.000  Mcompar_temp_match_cmp_eq0000_cy<5> (Mcompar_temp_match_cmp_eq0000_cy<5>)
     MUXCY:CI->O           1   0.059   0.000  Mcompar_temp_match_cmp_eq0000_cy<6> (Mcompar_temp_match_cmp_eq0000_cy<6>)
     MUXCY:CI->O           1   0.059   0.000  Mcompar_temp_match_cmp_eq0000_cy<7> (Mcompar_temp_match_cmp_eq0000_cy<7>)
     MUXCY:CI->O           1   0.059   0.000  Mcompar_temp_match_cmp_eq0000_cy<8> (Mcompar_temp_match_cmp_eq0000_cy<8>)
     MUXCY:CI->O           1   0.059   0.000  Mcompar_temp_match_cmp_eq0000_cy<9> (Mcompar_temp_match_cmp_eq0000_cy<9>)
     MUXCY:CI->O           1   0.059   0.000  Mcompar_temp_match_cmp_eq0000_cy<10> (Mcompar_temp_match_cmp_eq0000_cy<10>)
     MUXCY:CI->O           1   0.059   0.000  Mcompar_temp_match_cmp_eq0000_cy<11> (Mcompar_temp_match_cmp_eq0000_cy<11>)
     MUXCY:CI->O           1   0.059   0.000  Mcompar_temp_match_cmp_eq0000_cy<12> (Mcompar_temp_match_cmp_eq0000_cy<12>)
     MUXCY:CI->O           1   0.059   0.000  Mcompar_temp_match_cmp_eq0000_cy<13> (Mcompar_temp_match_cmp_eq0000_cy<13>)
     MUXCY:CI->O           1   0.059   0.000  Mcompar_temp_match_cmp_eq0000_cy<14> (Mcompar_temp_match_cmp_eq0000_cy<14>)
     MUXCY:CI->O           1   0.059   0.000  Mcompar_temp_match_cmp_eq0000_cy<15> (Mcompar_temp_match_cmp_eq0000_cy<15>)
     MUXCY:CI->O           1   0.059   0.000  Mcompar_temp_match_cmp_eq0000_cy<16> (Mcompar_temp_match_cmp_eq0000_cy<16>)
     MUXCY:CI->O           1   0.059   0.000  Mcompar_temp_match_cmp_eq0000_cy<17> (Mcompar_temp_match_cmp_eq0000_cy<17>)
     MUXCY:CI->O           1   0.059   0.000  Mcompar_temp_match_cmp_eq0000_cy<18> (Mcompar_temp_match_cmp_eq0000_cy<18>)
     MUXCY:CI->O           1   0.059   0.000  Mcompar_temp_match_cmp_eq0000_cy<19> (Mcompar_temp_match_cmp_eq0000_cy<19>)
     MUXCY:CI->O           1   0.059   0.000  Mcompar_temp_match_cmp_eq0000_cy<20> (Mcompar_temp_match_cmp_eq0000_cy<20>)
     MUXCY:CI->O           1   0.059   0.000  Mcompar_temp_match_cmp_eq0000_cy<21> (Mcompar_temp_match_cmp_eq0000_cy<21>)
     MUXCY:CI->O           1   0.059   0.000  Mcompar_temp_match_cmp_eq0000_cy<22> (Mcompar_temp_match_cmp_eq0000_cy<22>)
     MUXCY:CI->O           1   0.059   0.000  Mcompar_temp_match_cmp_eq0000_cy<23> (Mcompar_temp_match_cmp_eq0000_cy<23>)
     MUXCY:CI->O           1   0.059   0.000  Mcompar_temp_match_cmp_eq0000_cy<24> (Mcompar_temp_match_cmp_eq0000_cy<24>)
     MUXCY:CI->O           1   0.059   0.000  Mcompar_temp_match_cmp_eq0000_cy<25> (Mcompar_temp_match_cmp_eq0000_cy<25>)
     MUXCY:CI->O           1   0.059   0.000  Mcompar_temp_match_cmp_eq0000_cy<26> (Mcompar_temp_match_cmp_eq0000_cy<26>)
     MUXCY:CI->O           1   0.059   0.000  Mcompar_temp_match_cmp_eq0000_cy<27> (Mcompar_temp_match_cmp_eq0000_cy<27>)
     MUXCY:CI->O           1   0.059   0.000  Mcompar_temp_match_cmp_eq0000_cy<28> (Mcompar_temp_match_cmp_eq0000_cy<28>)
     MUXCY:CI->O           1   0.059   0.000  Mcompar_temp_match_cmp_eq0000_cy<29> (Mcompar_temp_match_cmp_eq0000_cy<29>)
     MUXCY:CI->O           1   0.059   0.000  Mcompar_temp_match_cmp_eq0000_cy<30> (Mcompar_temp_match_cmp_eq0000_cy<30>)
     MUXCY:CI->O           1   0.331   0.000  Mcompar_temp_match_cmp_eq0000_cy<31> (Mcompar_temp_match_cmp_eq0000_cy<31>)
     FD:D                      0.308          match
    ----------------------------------------
    Total                      5.390ns (4.795ns logic, 0.595ns route)
                                       (89.0% logic, 11.0% route)

=========================================================================
Timing constraint: Default OFFSET OUT AFTER for Clock 'clock'
  Total number of paths / destination ports: 1 / 1
-------------------------------------------------------------------------
Offset:              4.283ns (Levels of Logic = 1)
  Source:            match (FF)
  Destination:       match (PAD)
  Source Clock:      clock rising

  Data Path: match to match
                                Gate     Net
    Cell:in->out      fanout   Delay   Delay  Logical Name (Net Name)
    ----------------------------------------  ------------
     FD:C->Q               1   0.591   0.420  match (match_OBUF)
     OBUF:I->O                 3.272          match_OBUF (match)
    ----------------------------------------
    Total                      4.283ns (3.863ns logic, 0.420ns route)
                                       (90.2% logic, 9.8% route)

=========================================================================


Total REAL time to Xst completion: 5.00 secs
Total CPU time to Xst completion: 4.44 secs
 
--> 

Total memory usage is 295592 kilobytes

Number of errors   :    0 (   0 filtered)
Number of warnings :    0 (   0 filtered)
Number of infos    :    0 (   0 filtered)

