Command line:
   Comparator_tf_isim_beh.exe
     -simmode  gui
     -simrunnum  0
     -socket  55685

Sun Apr 17 15:10:14 2016


 Elaboration Time: 0.03125 sec

 Current Memory Usage: 844.394 Meg

 Total Signals          : 17
 Total Nets             : 143
 Total Signal Drivers   : 9
 Total Blocks           : 3
 Total Primitive Blocks : 2
 Total Processes        : 14
 Total Traceable Variables  : 23
 Total Scalar Nets and Variables : 354
Total Line Count : 33

 Total Simulation Time: 0.09375 sec

 Current Memory Usage: 687.108 Meg

Sun Apr 17 15:12:59 2016

